<?xml version="1.0" encoding="UTF-8"?>
<testsuite xmlns:xsi="http://www.w3.org/2001/XMLSchema-instance" xsi:noNamespaceSchemaLocation="https://maven.apache.org/surefire/maven-surefire-plugin/xsd/surefire-test-report-3.0.xsd" version="3.0" name="Testrunner" time="3.505" tests="1" errors="0" skipped="0" failures="0">
  <properties>
[...]
</properties>
  <testcase name="Verify that the logo is in home" classname="API TESTS" time="3.379">
    <system-out><![CDATA[
@checklogo1 @TestRail(217770)
Scenario: Verify that the logo is in home # src/test/resources/api/apitest.feature:3
TOngoin starts
HTTP/1.1 200 OK
Date: Tue, 02 May 2023 00:19:40 GMT
Server: Apache
Upgrade: h2,h2c
Connection: Upgrade, Keep-Alive
Cache-Control: max-age=600
Expires: Tue, 02 May 2023 00:29:40 GMT
Vary: Accept-Encoding,User-Agent
Content-Encoding: gzip
Content-Length: 315
Keep-Alive: timeout=2, max=500
Content-Type: text/html; charset=UTF-8

<html>
  <body>{"result:":{"statements":[{"TRANSACTION_ID":"12","ACCOUNT_NO":"1","DATE_OF_TRANSACTION":"2013-11-16","AMOUNT":"500","TRANSACTION_TYPE":"D","DESCRIPTION":"Initial Deposit"},{"TRANSACTION_ID":"23","ACCOUNT_NO":"1","DATE_OF_TRANSACTION":"2013-11-17","AMOUNT":"14","TRANSACTION_TYPE":"t","DESCRIPTION":"yi Tansfer From 14"},{"TRANSACTION_ID":"25","ACCOUNT_NO":"1","DATE_OF_TRANSACTION":"2013-11-18","AMOUNT":"1","TRANSACTION_TYPE":"t","DESCRIPTION":"hgg Tansfer From 15"},{"TRANSACTION_ID":"49745","ACCOUNT_NO":"1","DATE_OF_TRANSACTION":"2017-04-13","AMOUNT":"0","TRANSACTION_TYPE":"t","DESCRIPTION":"0 Tansfer From 1"},{"TRANSACTION_ID":"94867","ACCOUNT_NO":"1","DATE_OF_TRANSACTION":"2018-11-21","AMOUNT":"500","TRANSACTION_TYPE":"t","DESCRIPTION":"cash Tansfer From 14"}]},"message":{"ErrorCode:":0,"ErrorMsg:":"Success"}}</body>
</html>
  Given I go to the api page              # stepsdef.MyStepsdefs.iGoToThePage()
  When I check api page                   # stepsdef.MyStepsdefs.iCheckApiPage()
[@checklogo1, @TestRail(217770)]
Testcase file:///Users/jacqueline.kamadi/Automation/APIs/src/test/resources/api/apitest.feature3 - PASSED
]]></system-out>
    <system-err><![CDATA[SLF4J: No SLF4J providers were found.
SLF4J: Defaulting to no-operation (NOP) logger implementation
SLF4J: See https://www.slf4j.org/codes.html#noProviders for further details.
]]></system-err>
  </testcase>
</testsuite>